<?xml version="1.0" encoding="UTF-8"?>
<!-- Generated by org.testng.reporters.JUnitXMLReporter -->
<testsuite ignored="0" hostname="Rayyans-PC" failures="0" tests="6" name="Test" time="0.093" errors="0" timestamp="2020-04-08T20:46:51 EDT">
  <testcase classname="qaclickacademy.AppiumTest" name="iosApps" time="0.008"/>
  <testcase classname="qaclickacademy.AppiumTest" name="nativeAppAndroid" time="0.001"/>
  <testcase classname="qaclickacademy.SeleniumTest" name="browserAutomation" time="0.001"/>
  <testcase classname="qaclickacademy.SeleniumTest" name="elementsUI" time="0.001"/>
  <testcase classname="qaclickacademy.RestAPiTest" name="deleteTwitter" time="0.001"/>
  <testcase classname="qaclickacademy.RestAPiTest" name="postJira" time="0.001"/>
</testsuite> <!-- Test -->
