<?xml version="1.0" encoding="UTF-8"?>
<testng-results ignored="0" total="6" passed="6" failed="0" skipped="0">
  <reporter-output>
  </reporter-output>
  <suite started-at="2020-04-09T09:42:36 EDT" name="Command line suite" finished-at="2020-04-09T09:42:37 EDT" duration-ms="242">
    <groups>
    </groups>
    <test started-at="2020-04-09T09:42:36 EDT" name="Command line test" finished-at="2020-04-09T09:42:37 EDT" duration-ms="242">
      <class name="qaclickacademy.AppiumTest">
        <test-method signature="iosApps()[pri:0, instance:qaclickacademy.AppiumTest@140e5a13]" started-at="2020-04-09T09:42:37 EDT" name="iosApps" finished-at="2020-04-09T09:42:37 EDT" duration-ms="15" status="PASS">
          <reporter-output>
          </reporter-output>
        </test-method> <!-- iosApps -->
        <test-method signature="nativeAppAndroid()[pri:0, instance:qaclickacademy.AppiumTest@140e5a13]" started-at="2020-04-09T09:42:37 EDT" name="nativeAppAndroid" finished-at="2020-04-09T09:42:37 EDT" duration-ms="1" status="PASS">
          <reporter-output>
          </reporter-output>
        </test-method> <!-- nativeAppAndroid -->
      </class> <!-- qaclickacademy.AppiumTest -->
      <class name="qaclickacademy.RestAPiTest">
        <test-method signature="deleteTwitter()[pri:0, instance:qaclickacademy.RestAPiTest@3439f68d]" started-at="2020-04-09T09:42:37 EDT" name="deleteTwitter" finished-at="2020-04-09T09:42:37 EDT" duration-ms="1" status="PASS">
          <reporter-output>
          </reporter-output>
        </test-method> <!-- deleteTwitter -->
        <test-method signature="postJira()[pri:0, instance:qaclickacademy.RestAPiTest@3439f68d]" started-at="2020-04-09T09:42:37 EDT" name="postJira" finished-at="2020-04-09T09:42:37 EDT" duration-ms="1" status="PASS">
          <reporter-output>
          </reporter-output>
        </test-method> <!-- postJira -->
      </class> <!-- qaclickacademy.RestAPiTest -->
      <class name="qaclickacademy.SeleniumTest">
        <test-method signature="browserAutomation()[pri:0, instance:qaclickacademy.SeleniumTest@dbd940d]" started-at="2020-04-09T09:42:37 EDT" name="browserAutomation" finished-at="2020-04-09T09:42:37 EDT" duration-ms="0" status="PASS">
          <reporter-output>
          </reporter-output>
        </test-method> <!-- browserAutomation -->
        <test-method signature="elementsUI()[pri:0, instance:qaclickacademy.SeleniumTest@dbd940d]" started-at="2020-04-09T09:42:37 EDT" name="elementsUI" finished-at="2020-04-09T09:42:37 EDT" duration-ms="1" status="PASS">
          <reporter-output>
          </reporter-output>
        </test-method> <!-- elementsUI -->
      </class> <!-- qaclickacademy.SeleniumTest -->
    </test> <!-- Command line test -->
  </suite> <!-- Command line suite -->
</testng-results>
