<?xml version="1.0" encoding="UTF-8"?>
<testng-results ignored="0" total="2" passed="2" failed="0" skipped="0">
  <reporter-output>
  </reporter-output>
  <suite started-at="2020-04-09T12:28:27 EDT" name="Default suite" finished-at="2020-04-09T12:28:27 EDT" duration-ms="126">
    <groups>
    </groups>
    <test started-at="2020-04-09T12:28:27 EDT" name="Default test" finished-at="2020-04-09T12:28:27 EDT" duration-ms="126">
      <class name="qaclickacademy.SeleniumTest">
        <test-method signature="browserAutomation()[pri:0, instance:qaclickacademy.SeleniumTest@69e1dd28]" started-at="2020-04-09T12:28:27 EDT" name="browserAutomation" finished-at="2020-04-09T12:28:27 EDT" duration-ms="19" status="PASS">
          <reporter-output>
          </reporter-output>
        </test-method> <!-- browserAutomation -->
        <test-method signature="elementsUI()[pri:0, instance:qaclickacademy.SeleniumTest@69e1dd28]" started-at="2020-04-09T12:28:27 EDT" name="elementsUI" finished-at="2020-04-09T12:28:27 EDT" duration-ms="4" status="PASS">
          <reporter-output>
          </reporter-output>
        </test-method> <!-- elementsUI -->
      </class> <!-- qaclickacademy.SeleniumTest -->
    </test> <!-- Default test -->
  </suite> <!-- Default suite -->
</testng-results>
